<?xml version="1.0" encoding="UTF-8" ?>
<testsuites errors="0"
            failures="1"
            tests="2">

  <testsuite name="pages.adminPageTest"
    errors="0" failures="1" hostname="" id="" package="adminPageTest" skipped="0"
    tests="2" time="29.81" timestamp="">
  
    <testcase name="Verify that admin can add new page with valid data successfully" classname="pages.adminPageTest" time="19.10" assertions="9">

    

    

    

    

    

    

    

    

    
    </testcase>
  
    <testcase name="Verify that admin can edit page with valid data successfully" classname="pages.adminPageTest" time="10.71" assertions="4">

    

    

      <failure message="Timed out while waiting for element &lt;//span[@class=&#39;edit&#39;]/a[ancestor::tr[@id=&#39;post-3224&#39;]]&gt; to be visible for 5000 milliseconds. - expected [0;32m&#34;visible&#34;[0m but got: [0;31m&#34;not visible&#34;[0m">    at Page.clickLink (C:\Users\InternDN19.01.04\autoTest_PNVTeam1\page-objects\nightwatch\pages\adminPageViewAllPage.js:13:18)
    at Page.goToAction (C:\Users\InternDN19.01.04\autoTest_PNVTeam1\page-objects\nightwatch\pages\adminPageViewAllPage.js:19:26)
    at NightwatchAPI.&lt;anonymous&gt; (C:\Users\InternDN19.01.04\autoTest_PNVTeam1\tests\nightwatch\pages\adminPageTest.js:52:29)
    at processTicksAndRejections (internal/process/task_queues.js:79:9)</failure>
<system-out>[[ATTACHMENT|C:\Users\InternDN19.01.04\autoTest_PNVTeam1\reports\pages\adminPageTest\Verify-that-admin-can-edit-page-with-valid-data-successfully_FAILED_May-17-2019-094433-GMT+0700-(Indochina.png]]</system-out>
    <failure message="    at Page.clickLink (C:\Users\InternDN19.01.04\autoTest_PNVTeam1\page-objects\nightwatch\pages\adminPageViewAllPage.js:13:18)">    at Page.goToAction (C:\Users\InternDN19.01.04\autoTest_PNVTeam1\page-objects\nightwatch\pages\adminPageViewAllPage.js:19:26)
    at NightwatchAPI.&lt;anonymous&gt; (C:\Users\InternDN19.01.04\autoTest_PNVTeam1\tests\nightwatch\pages\adminPageTest.js:52:29)
    at processTicksAndRejections (internal/process/task_queues.js:79:9)</failure>
    </testcase>
  

  

  
  </testsuite>
</testsuites>
